<?xml version="1.0" encoding="UTF-8"?>
<testsuite name="YachtGameShould" tests="1" skipped="0" failures="0" errors="0" timestamp="2019-07-02T13:30:36" hostname="Damians-MacBook-Pro.local" time="0.351">
  <properties/>
  <testcase name="scores_20_When_Category_Four_Of_A_Kind_With_Dice_Combination_25555" classname="YachtGameShould" time="0.351"/>
  <system-out><![CDATA[]]></system-out>
  <system-err><![CDATA[]]></system-err>
</testsuite>
