<?xml version="1.0" encoding="UTF-8"?>
<testsuite name="YachtGameShould" tests="1" skipped="0" failures="0" errors="0" timestamp="2019-07-02T13:26:15" hostname="Damians-MacBook-Pro.local" time="0.359">
  <properties/>
  <testcase name="scores_19_When_Category_FullHouse_With_Dice_Combination_11555" classname="YachtGameShould" time="0.359"/>
  <system-out><![CDATA[]]></system-out>
  <system-err><![CDATA[]]></system-err>
</testsuite>
