<?xml version="1.0" encoding="UTF-8"?>
<testsuite name="YachtGameShould" tests="1" skipped="0" failures="0" errors="0" timestamp="2019-07-02T13:36:17" hostname="Damians-MacBook-Pro.local" time="0.413">
  <properties/>
  <testcase name="scores_30_When_Category_LittleStraight_With_Dice_Combination_12345" classname="YachtGameShould" time="0.413"/>
  <system-out><![CDATA[]]></system-out>
  <system-err><![CDATA[]]></system-err>
</testsuite>
